2025-08-09 21:56:39,612 :INFO : test_number_of_prouducts_in_cart : cart value is [<appium.webdriver.webelement.WebElement (session="deec3c83-514a-4c00-91da-b7eb62e41658", element="00000000-0000-0656-ffff-ffff000000c0")>]
2025-08-09 21:57:31,788 :INFO : test_remove_prouducts_from_cart : cart value is [<appium.webdriver.webelement.WebElement (session="92e40981-10ed-46aa-90e2-cd0957cd219b", element="00000000-0000-0667-ffff-ffff000000c0")>]
2025-08-09 21:58:27,452 :INFO : validate_text : $9.99 is found
2025-08-09 21:59:30,883 :INFO : validate_text : $9.99 is found
2025-08-09 21:59:30,883 :INFO : validate_text : $9.99 is found
2025-08-09 22:01:10,568 :INFO : validate_text : $9.99 is found
2025-08-09 22:01:10,568 :INFO : validate_text : $9.99 is found
2025-08-09 22:01:10,568 :INFO : validate_text : $9.99 is found
2025-08-09 22:02:07,530 :INFO : validate_text : $9.99 is found
2025-08-09 22:02:07,530 :INFO : validate_text : $9.99 is found
2025-08-09 22:02:07,530 :INFO : validate_text : $9.99 is found
2025-08-09 22:02:07,530 :INFO : validate_text : $9.99 is found
2025-08-09 22:03:02,678 :INFO : test_verify_valid_login : login successful
2025-08-09 22:03:12,692 :INFO : validate_text : Username and password do not match any user in this service. is found
2025-08-09 22:03:12,692 :INFO : validate_text : Username and password do not match any user in this service. is found
2025-08-09 22:03:12,692 :INFO : validate_text : Username and password do not match any user in this service. is found
2025-08-09 22:03:12,692 :INFO : validate_text : Username and password do not match any user in this service. is found
2025-08-09 22:03:12,692 :INFO : validate_text : Username and password do not match any user in this service. is found
2025-08-09 22:07:07,042 :INFO : test_verify_valid_login : login successful
2025-08-09 22:07:18,128 :INFO : validate_text : Username and password do not match any user in this service. is found
